TN:
SF:src\config\plugins\envs.plugin.ts
FNF:0
FNH:0
DA:1,1
DA:2,1
DA:3,1
DA:4,1
DA:5,1
DA:6,1
DA:7,1
DA:8,1
DA:9,1
DA:10,1
DA:11,1
DA:12,1
DA:13,1
DA:14,1
DA:15,1
DA:16,1
LF:16
LH:16
BRF:0
BRH:0
end_of_record
TN:
SF:src\data\mongo\index.ts
FNF:0
FNH:0
DA:1,1
DA:2,1
LF:2
LH:2
BRF:0
BRH:0
end_of_record
TN:
SF:src\data\mongo\init.ts
FN:10,connect
FN:23,disconnect
FNF:2
FNH:2
FNDA:4,connect
FNDA:3,disconnect
DA:1,1
DA:2,1
DA:3,1
DA:4,1
DA:5,1
DA:6,1
DA:7,1
DA:8,1
DA:9,1
DA:10,1
DA:11,4
DA:12,4
DA:13,4
DA:14,4
DA:15,4
DA:16,3
DA:17,3
DA:18,3
DA:19,1
DA:20,1
DA:21,4
DA:22,1
DA:23,1
DA:24,3
DA:25,3
DA:26,3
DA:27,1
DA:28,1
DA:29,0
DA:30,0
DA:31,3
DA:32,1
DA:33,1
LF:33
LH:31
BRDA:10,0,0,4
BRDA:16,1,0,3
BRDA:18,2,0,1
BRDA:23,3,0,3
BRDA:27,4,0,1
BRDA:28,5,0,0
BRF:6
BRH:5
end_of_record
TN:
SF:src\data\mongo\models\log.model.ts
FNF:0
FNH:0
DA:1,1
DA:2,1
DA:3,1
DA:4,1
DA:5,1
DA:6,1
DA:7,1
DA:8,1
DA:9,1
DA:10,1
DA:11,1
DA:12,1
DA:13,1
DA:14,1
DA:15,1
DA:16,1
DA:17,1
DA:18,1
DA:19,1
DA:20,1
DA:21,1
DA:22,1
DA:23,1
DA:24,1
DA:25,1
DA:26,1
DA:27,1
DA:28,1
DA:29,1
DA:30,1
LF:30
LH:30
BRF:0
BRH:0
end_of_record
TN:
SF:src\domain\entities\log.entity.ts
FN:21,LogEntity
FN:32,Object.<anonymous>.LogEntity.fromJson
FN:47,Object.<anonymous>.LogEntity.fromObject
FNF:3
FNH:3
FNDA:23,LogEntity
FNDA:10,Object.<anonymous>.LogEntity.fromJson
FNDA:3,Object.<anonymous>.LogEntity.fromObject
DA:1,5
DA:2,5
DA:3,5
DA:4,5
DA:5,5
DA:6,1
DA:7,1
DA:8,1
DA:9,1
DA:10,1
DA:11,1
DA:12,1
DA:13,1
DA:14,1
DA:15,1
DA:16,1
DA:17,1
DA:18,1
DA:19,1
DA:20,1
DA:21,1
DA:22,23
DA:23,23
DA:24,23
DA:25,23
DA:26,23
DA:27,23
DA:28,23
DA:29,23
DA:30,1
DA:31,1
DA:32,1
DA:33,10
DA:34,10
DA:35,10
DA:36,10
DA:37,10
DA:38,10
DA:39,10
DA:40,10
DA:41,10
DA:42,10
DA:43,10
DA:44,1
DA:45,1
DA:46,1
DA:47,1
DA:48,3
DA:49,3
DA:50,3
DA:51,3
DA:52,3
DA:53,3
DA:54,3
DA:55,3
DA:56,3
DA:57,1
LF:57
LH:57
BRDA:1,0,0,5
BRDA:21,1,0,23
BRDA:32,2,0,10
BRDA:34,3,0,3
BRDA:34,4,0,7
BRDA:47,5,0,3
BRDA:51,6,0,0
BRF:7
BRH:6
end_of_record
TN:
SF:src\domain\use-cases\checks\check-service-multiple.ts
FN:16,CheckServiceMultiple
FN:22,callLogs
FN:28,execute
FNF:3
FNH:3
FNDA:1,CheckServiceMultiple
FNDA:2,callLogs
FNDA:2,execute
DA:1,1
DA:2,1
DA:3,1
DA:4,1
DA:5,1
DA:6,1
DA:7,1
DA:8,1
DA:9,1
DA:10,1
DA:11,1
DA:12,1
DA:13,1
DA:14,1
DA:15,1
DA:16,1
DA:17,1
DA:18,1
DA:19,1
DA:20,1
DA:21,1
DA:22,1
DA:23,2
DA:24,6
DA:25,2
DA:26,2
DA:27,1
DA:28,1
DA:29,2
DA:30,2
DA:31,2
DA:32,1
DA:33,2
DA:34,1
DA:35,1
DA:36,1
DA:37,1
DA:38,1
DA:39,1
DA:40,1
DA:41,1
DA:42,1
DA:43,1
DA:44,1
DA:45,1
DA:46,1
DA:47,1
DA:48,1
DA:49,1
DA:50,1
DA:51,1
DA:52,1
DA:53,1
DA:54,2
DA:55,1
LF:55
LH:55
BRDA:16,0,0,1
BRDA:22,1,0,2
BRDA:23,2,0,6
BRDA:28,3,0,2
BRDA:32,4,0,1
BRDA:33,5,0,0
BRDA:34,6,0,1
BRF:7
BRH:6
end_of_record
TN:
SF:src\domain\use-cases\checks\check-service.ts
FN:15,CheckService
FN:21,execute
FNF:2
FNH:2
FNDA:1,CheckService
FNDA:2,execute
DA:1,1
DA:2,1
DA:3,1
DA:4,1
DA:5,1
DA:6,1
DA:7,1
DA:8,1
DA:9,1
DA:10,1
DA:11,1
DA:12,1
DA:13,1
DA:14,1
DA:15,1
DA:16,1
DA:17,1
DA:18,1
DA:19,1
DA:20,1
DA:21,1
DA:22,2
DA:23,2
DA:24,2
DA:25,1
DA:26,2
DA:27,1
DA:28,1
DA:29,1
DA:30,1
DA:31,1
DA:32,1
DA:33,1
DA:34,1
DA:35,1
DA:36,1
DA:37,1
DA:38,1
DA:39,1
DA:40,1
DA:41,1
DA:42,1
DA:43,1
DA:44,1
DA:45,1
DA:46,1
DA:47,2
DA:48,1
LF:48
LH:48
BRDA:15,0,0,1
BRDA:21,1,0,2
BRDA:25,2,0,1
BRDA:26,3,0,0
BRDA:27,4,0,1
BRF:5
BRH:4
end_of_record
TN:
SF:src\domain\use-cases\email\send-email-logs.ts
FN:11,SendEmailLogs
FN:16,execute
FNF:2
FNH:2
FNDA:1,SendEmailLogs
FNDA:2,execute
DA:1,1
DA:2,1
DA:3,1
DA:4,1
DA:5,1
DA:6,1
DA:7,1
DA:8,1
DA:9,1
DA:10,1
DA:11,1
DA:12,1
DA:13,1
DA:14,1
DA:15,1
DA:16,1
DA:17,2
DA:18,2
DA:19,2
DA:20,2
DA:21,2
DA:22,2
DA:23,2
DA:24,1
DA:25,1
DA:26,1
DA:27,1
DA:28,1
DA:29,1
DA:30,1
DA:31,1
DA:32,1
DA:33,1
DA:34,1
DA:35,1
DA:36,1
DA:37,1
DA:38,1
DA:39,1
DA:40,1
DA:41,1
DA:42,2
DA:43,1
LF:43
LH:43
BRDA:11,0,0,1
BRDA:16,1,0,2
BRDA:23,2,0,1
BRF:3
BRH:3
end_of_record
TN:
SF:src\infraestructure\datasources\file-system.datasource.ts
FN:12,FileSystemDataSource
FN:16,FileSystemDataSource.createLogsFiles
FN:31,FileSystemDataSource.getsLogsFromFile
FN:39,saveLogs
FN:53,getLogs
FNF:5
FNH:5
FNDA:6,FileSystemDataSource
FNDA:6,FileSystemDataSource.createLogsFiles
FNDA:3,FileSystemDataSource.getsLogsFromFile
FNDA:6,saveLogs
FNDA:4,getLogs
DA:1,1
DA:2,1
DA:3,1
DA:4,1
DA:5,1
DA:6,1
DA:7,1
DA:8,1
DA:9,1
DA:10,1
DA:11,1
DA:12,1
DA:13,6
DA:14,6
DA:15,1
DA:16,1
DA:17,6
DA:18,6
DA:19,6
DA:20,6
DA:21,6
DA:22,6
DA:23,6
DA:24,6
DA:25,18
DA:26,18
DA:27,18
DA:28,6
DA:29,6
DA:30,1
DA:31,1
DA:32,3
DA:33,3
DA:34,3
DA:35,3
DA:36,3
DA:37,1
DA:38,1
DA:39,1
DA:40,6
DA:41,6
DA:42,6
DA:43,6
DA:44,6
DA:45,6
DA:46,6
DA:47,6
DA:48,6
DA:49,6
DA:50,6
DA:51,6
DA:52,1
DA:53,1
DA:54,4
DA:55,4
DA:56,4
DA:57,1
DA:58,4
DA:59,1
DA:60,4
DA:61,1
DA:62,4
DA:63,1
DA:64,4
DA:65,4
DA:66,1
LF:66
LH:66
BRDA:12,0,0,6
BRDA:16,1,0,6
BRDA:24,2,0,18
BRDA:25,3,0,0
BRDA:31,4,0,3
BRDA:34,5,0,0
BRDA:39,6,0,6
BRDA:47,7,0,2
BRDA:48,8,0,2
BRDA:49,9,0,4
BRDA:53,10,0,4
BRDA:56,11,0,1
BRDA:58,12,0,1
BRDA:60,13,0,1
BRDA:62,14,0,1
BRF:15
BRH:13
end_of_record
TN:
SF:src\infraestructure\datasources\mongo-log.datasource.ts
FN:7,saveLogs
FN:15,getLogs
FNF:2
FNH:2
FNDA:3,saveLogs
FNDA:1,getLogs
DA:1,1
DA:2,1
DA:3,1
DA:4,1
DA:5,1
DA:6,1
DA:7,1
DA:8,3
DA:9,3
DA:10,3
DA:11,3
DA:12,3
DA:13,3
DA:14,1
DA:15,1
DA:16,1
DA:17,1
DA:18,1
DA:19,1
DA:20,1
DA:21,1
DA:22,1
DA:23,1
LF:23
LH:23
BRDA:7,0,0,3
BRDA:15,1,0,1
BRF:2
BRH:2
end_of_record
TN:
SF:src\infraestructure\datasources\postgres-log.datasource.ts
FN:16,saveLogs
FN:27,getLogs
FNF:2
FNH:0
FNDA:0,saveLogs
FNDA:0,getLogs
DA:1,1
DA:2,1
DA:3,1
DA:4,1
DA:5,1
DA:6,1
DA:7,1
DA:8,1
DA:9,1
DA:10,1
DA:11,1
DA:12,1
DA:13,1
DA:14,1
DA:15,1
DA:16,1
DA:17,0
DA:18,0
DA:19,0
DA:20,0
DA:21,0
DA:22,0
DA:23,0
DA:24,0
DA:25,0
DA:26,0
DA:27,1
DA:28,0
DA:29,0
DA:30,0
DA:31,0
DA:32,0
DA:33,0
DA:34,0
DA:35,1
LF:35
LH:18
BRF:0
BRH:0
end_of_record
TN:
SF:src\infraestructure\repositories\log.repository.impl.ts
FN:8,LogRepositoryImpl
FN:14,saveLogs
FN:18,getLogs
FNF:3
FNH:3
FNDA:1,LogRepositoryImpl
FNDA:1,saveLogs
FNDA:1,getLogs
DA:1,1
DA:2,1
DA:3,1
DA:4,1
DA:5,1
DA:6,1
DA:7,1
DA:8,1
DA:9,1
DA:10,1
DA:11,1
DA:12,1
DA:13,1
DA:14,1
DA:15,1
DA:16,1
DA:17,1
DA:18,1
DA:19,1
DA:20,1
DA:21,1
LF:21
LH:21
BRDA:8,0,0,1
BRDA:14,1,0,1
BRDA:18,2,0,1
BRF:3
BRH:3
end_of_record
TN:
SF:src\presentation\cron\cron-service.ts
FN:10,createJob
FNF:1
FNH:1
FNDA:1,createJob
DA:1,1
DA:2,1
DA:3,1
DA:4,1
DA:5,1
DA:6,1
DA:7,1
DA:8,1
DA:9,1
DA:10,1
DA:11,1
DA:12,1
DA:13,1
DA:14,1
DA:15,1
DA:16,1
LF:16
LH:16
BRDA:10,0,0,1
BRF:1
BRH:1
end_of_record
TN:
SF:src\presentation\email\email.srvice.ts
FN:30,EmailService
FN:32,sendMail
FN:53,sendEmailWithFileSystemLogs
FNF:3
FNH:3
FNDA:1,EmailService
FNDA:2,sendMail
FNDA:1,sendEmailWithFileSystemLogs
DA:1,1
DA:2,1
DA:3,1
DA:4,1
DA:5,1
DA:6,1
DA:7,1
DA:8,1
DA:9,1
DA:10,1
DA:11,1
DA:12,1
DA:13,1
DA:14,1
DA:15,1
DA:16,1
DA:17,1
DA:18,1
DA:19,1
DA:20,1
DA:21,1
DA:22,1
DA:23,1
DA:24,1
DA:25,1
DA:26,1
DA:27,1
DA:28,1
DA:29,1
DA:30,1
DA:31,1
DA:32,1
DA:33,2
DA:34,2
DA:35,2
DA:36,2
DA:37,2
DA:38,2
DA:39,2
DA:40,2
DA:41,2
DA:42,2
DA:43,2
DA:44,2
DA:45,2
DA:46,2
DA:47,2
DA:48,0
DA:49,0
DA:50,0
DA:51,2
DA:52,1
DA:53,1
DA:54,1
DA:55,1
DA:56,1
DA:57,1
DA:58,1
DA:59,1
DA:60,1
DA:61,1
DA:62,1
DA:63,1
DA:64,1
DA:65,1
DA:66,1
DA:67,1
DA:68,1
DA:69,1
DA:70,1
DA:71,1
DA:72,1
DA:73,1
DA:74,1
DA:75,1
LF:75
LH:72
BRDA:30,0,0,1
BRDA:32,1,0,2
BRDA:47,2,0,0
BRDA:53,3,0,1
BRF:4
BRH:3
end_of_record
